<?xml version="1.0" encoding="UTF-8"?>
<!-- Generated by org.testng.reporters.JUnitXMLReporter -->
<testsuite hostname="DESKTOP-GTJL51Q" ignored="0" name="Default test" tests="3" failures="0" timestamp="27 Mar 2019 00:01:38 GMT" time="3.568" errors="0">
  <testcase name="getLangaugeType" time="2.88" classname="MavenProject.MavenProject.Test1"/>
  <testcase name="getResponseStatusCode" time="0.336" classname="MavenProject.MavenProject.Test1"/>
  <testcase name="getResponseType" time="0.316" classname="MavenProject.MavenProject.Test1"/>
</testsuite> <!-- Default test -->
