<?xml version="1.0" encoding="UTF-8"?>
<testng-results skipped="0" failed="0" ignored="0" total="3" passed="3">
  <reporter-output>
  </reporter-output>
  <suite name="Default suite" duration-ms="3568" started-at="2019-03-27T00:01:34Z" finished-at="2019-03-27T00:01:38Z">
    <groups>
    </groups>
    <test name="Default test" duration-ms="3568" started-at="2019-03-27T00:01:34Z" finished-at="2019-03-27T00:01:38Z">
      <class name="MavenProject.MavenProject.Test1">
        <test-method status="PASS" signature="getLangaugeType()[pri:0, instance:MavenProject.MavenProject.Test1@e25b2fe]" name="getLangaugeType" duration-ms="2880" started-at="2019-03-26T20:01:34Z" finished-at="2019-03-26T20:01:37Z">
          <reporter-output>
          </reporter-output>
        </test-method> <!-- getLangaugeType -->
        <test-method status="PASS" signature="getResponseStatusCode()[pri:0, instance:MavenProject.MavenProject.Test1@e25b2fe]" name="getResponseStatusCode" duration-ms="336" started-at="2019-03-26T20:01:37Z" finished-at="2019-03-26T20:01:37Z">
          <reporter-output>
          </reporter-output>
        </test-method> <!-- getResponseStatusCode -->
        <test-method status="PASS" signature="getResponseType()[pri:0, instance:MavenProject.MavenProject.Test1@e25b2fe]" name="getResponseType" duration-ms="316" started-at="2019-03-26T20:01:37Z" finished-at="2019-03-26T20:01:38Z">
          <reporter-output>
          </reporter-output>
        </test-method> <!-- getResponseType -->
      </class> <!-- MavenProject.MavenProject.Test1 -->
    </test> <!-- Default test -->
  </suite> <!-- Default suite -->
</testng-results>
